2016/10/26 16:27:32,287 ERROR http://bmadmin.fancat.cn/handler/HQ.ashx header:Connection=keep-alive&Content-Length=41&Content-Type=application%2fx-www-form-urlencoded%3b+charset%3dUTF-8&Accept=application%2fjson%2c+text%2fjavascript%2c+*%2f*%3b+q%3d0.01&Accept-Encoding=gzip%2c+deflate&Accept-Language=zh-CN%2czh%3bq%3d0.8&Host=bmadmin.fancat.cn&Referer=http%3a%2f%2fbmadmin.fancat.cn%2fadmin%2fshop%2fshoplist.html%3fv%3d4.0&User-Agent=Mozilla%2f5.0+(Windows+NT+6.1%3b+WOW64)+AppleWebKit%2f537.36+(KHTML%2c+like+Gecko)+Chrome%2f50.0.2661.102+Safari%2f537.36&Origin=http%3a%2f%2fbmadmin.fancat.cn&X-Requested-With=XMLHttpRequest Form:action=getshoplist&pageIndex=&pageSize=20 UserAgent:Mozilla/5.0 (Windows NT 6.1; WOW64) AppleWebKit/537.36 (KHTML, like Gecko) Chrome/50.0.2661.102 Safari/537.36 IP:127.0.0.1;referrer:http://bmadmin.fancat.cn/admin/shop/shoplist.html?v=4.0 StackTrace:   在 System.Number.StringToNumber(String str, NumberStyles options, NumberBuffer& number, NumberFormatInfo info, Boolean parseDecimal)
   在 System.Number.ParseInt32(String s, NumberStyles style, NumberFormatInfo info)
   在 System.Convert.ToInt32(String value)
   在 BAMENG.ADMIN.handler.HQ.DoRequest(HttpContext context) 位置 J:\HOT\CODE\BAMENG\BAMENG.ADMIN\handler\HQ.ashx.cs:行号 116
   在 BAMENG.ADMIN.handler.HQ.ProcessRequest(HttpContext context) 位置 J:\HOT\CODE\BAMENG\BAMENG.ADMIN\handler\HQ.ashx.cs:行号 86 Message:输入字符串的格式不正确。
2016/10/26 16:27:34,282 ERROR http://bmadmin.fancat.cn/handler/HQ.ashx header:Connection=keep-alive&Content-Length=41&Content-Type=application%2fx-www-form-urlencoded%3b+charset%3dUTF-8&Accept=application%2fjson%2c+text%2fjavascript%2c+*%2f*%3b+q%3d0.01&Accept-Encoding=gzip%2c+deflate&Accept-Language=zh-CN%2czh%3bq%3d0.8&Host=bmadmin.fancat.cn&Referer=http%3a%2f%2fbmadmin.fancat.cn%2fadmin%2fshop%2fshoplist.html%3fv%3d4.0&User-Agent=Mozilla%2f5.0+(Windows+NT+6.1%3b+WOW64)+AppleWebKit%2f537.36+(KHTML%2c+like+Gecko)+Chrome%2f50.0.2661.102+Safari%2f537.36&Origin=http%3a%2f%2fbmadmin.fancat.cn&X-Requested-With=XMLHttpRequest Form:action=getshoplist&pageIndex=&pageSize=20 UserAgent:Mozilla/5.0 (Windows NT 6.1; WOW64) AppleWebKit/537.36 (KHTML, like Gecko) Chrome/50.0.2661.102 Safari/537.36 IP:127.0.0.1;referrer:http://bmadmin.fancat.cn/admin/shop/shoplist.html?v=4.0 StackTrace:   在 System.Number.StringToNumber(String str, NumberStyles options, NumberBuffer& number, NumberFormatInfo info, Boolean parseDecimal)
   在 System.Number.ParseInt32(String s, NumberStyles style, NumberFormatInfo info)
   在 System.Convert.ToInt32(String value)
   在 BAMENG.ADMIN.handler.HQ.DoRequest(HttpContext context) 位置 J:\HOT\CODE\BAMENG\BAMENG.ADMIN\handler\HQ.ashx.cs:行号 116
   在 BAMENG.ADMIN.handler.HQ.ProcessRequest(HttpContext context) 位置 J:\HOT\CODE\BAMENG\BAMENG.ADMIN\handler\HQ.ashx.cs:行号 86 Message:输入字符串的格式不正确。
2016/10/26 16:27:36,37 ERROR http://bmadmin.fancat.cn/handler/HQ.ashx header:Cache-Control=max-age%3d0&Connection=keep-alive&Content-Length=41&Content-Type=application%2fx-www-form-urlencoded%3b+charset%3dUTF-8&Accept=application%2fjson%2c+text%2fjavascript%2c+*%2f*%3b+q%3d0.01&Accept-Encoding=gzip%2c+deflate&Accept-Language=zh-CN%2czh%3bq%3d0.8&Host=bmadmin.fancat.cn&Referer=http%3a%2f%2fbmadmin.fancat.cn%2fadmin%2fshop%2fshoplist.html%3fv%3d4.0&User-Agent=Mozilla%2f5.0+(Windows+NT+6.1%3b+WOW64)+AppleWebKit%2f537.36+(KHTML%2c+like+Gecko)+Chrome%2f50.0.2661.102+Safari%2f537.36&Origin=http%3a%2f%2fbmadmin.fancat.cn&X-Requested-With=XMLHttpRequest Form:action=getshoplist&pageIndex=&pageSize=20 UserAgent:Mozilla/5.0 (Windows NT 6.1; WOW64) AppleWebKit/537.36 (KHTML, like Gecko) Chrome/50.0.2661.102 Safari/537.36 IP:127.0.0.1;referrer:http://bmadmin.fancat.cn/admin/shop/shoplist.html?v=4.0 StackTrace:   在 System.Number.StringToNumber(String str, NumberStyles options, NumberBuffer& number, NumberFormatInfo info, Boolean parseDecimal)
   在 System.Number.ParseInt32(String s, NumberStyles style, NumberFormatInfo info)
   在 System.Convert.ToInt32(String value)
   在 BAMENG.ADMIN.handler.HQ.DoRequest(HttpContext context) 位置 J:\HOT\CODE\BAMENG\BAMENG.ADMIN\handler\HQ.ashx.cs:行号 116
   在 BAMENG.ADMIN.handler.HQ.ProcessRequest(HttpContext context) 位置 J:\HOT\CODE\BAMENG\BAMENG.ADMIN\handler\HQ.ashx.cs:行号 86 Message:输入字符串的格式不正确。
2016/10/26 16:27:37,599 ERROR http://bmadmin.fancat.cn/handler/HQ.ashx header:Connection=keep-alive&Content-Length=41&Content-Type=application%2fx-www-form-urlencoded%3b+charset%3dUTF-8&Accept=application%2fjson%2c+text%2fjavascript%2c+*%2f*%3b+q%3d0.01&Accept-Encoding=gzip%2c+deflate&Accept-Language=zh-CN%2czh%3bq%3d0.8&Host=bmadmin.fancat.cn&Referer=http%3a%2f%2fbmadmin.fancat.cn%2fadmin%2fshop%2fshoplist.html%3fv%3d4.0&User-Agent=Mozilla%2f5.0+(Windows+NT+6.1%3b+WOW64)+AppleWebKit%2f537.36+(KHTML%2c+like+Gecko)+Chrome%2f50.0.2661.102+Safari%2f537.36&Origin=http%3a%2f%2fbmadmin.fancat.cn&X-Requested-With=XMLHttpRequest Form:action=getshoplist&pageIndex=&pageSize=20 UserAgent:Mozilla/5.0 (Windows NT 6.1; WOW64) AppleWebKit/537.36 (KHTML, like Gecko) Chrome/50.0.2661.102 Safari/537.36 IP:127.0.0.1;referrer:http://bmadmin.fancat.cn/admin/shop/shoplist.html?v=4.0 StackTrace:   在 System.Number.StringToNumber(String str, NumberStyles options, NumberBuffer& number, NumberFormatInfo info, Boolean parseDecimal)
   在 System.Number.ParseInt32(String s, NumberStyles style, NumberFormatInfo info)
   在 System.Convert.ToInt32(String value)
   在 BAMENG.ADMIN.handler.HQ.DoRequest(HttpContext context) 位置 J:\HOT\CODE\BAMENG\BAMENG.ADMIN\handler\HQ.ashx.cs:行号 116
   在 BAMENG.ADMIN.handler.HQ.ProcessRequest(HttpContext context) 位置 J:\HOT\CODE\BAMENG\BAMENG.ADMIN\handler\HQ.ashx.cs:行号 86 Message:输入字符串的格式不正确。
2016/10/26 16:28:31,173 ERROR http://bmadmin.fancat.cn/handler/HQ.ashx header:Connection=keep-alive&Content-Length=41&Content-Type=application%2fx-www-form-urlencoded%3b+charset%3dUTF-8&Accept=application%2fjson%2c+text%2fjavascript%2c+*%2f*%3b+q%3d0.01&Accept-Encoding=gzip%2c+deflate&Accept-Language=zh-CN%2czh%3bq%3d0.8&Host=bmadmin.fancat.cn&Referer=http%3a%2f%2fbmadmin.fancat.cn%2fadmin%2fshop%2fshoplist.html%3fv%3d4.0&User-Agent=Mozilla%2f5.0+(Windows+NT+6.1%3b+WOW64)+AppleWebKit%2f537.36+(KHTML%2c+like+Gecko)+Chrome%2f50.0.2661.102+Safari%2f537.36&Origin=http%3a%2f%2fbmadmin.fancat.cn&X-Requested-With=XMLHttpRequest Form:action=getshoplist&pageIndex=&pageSize=20 UserAgent:Mozilla/5.0 (Windows NT 6.1; WOW64) AppleWebKit/537.36 (KHTML, like Gecko) Chrome/50.0.2661.102 Safari/537.36 IP:127.0.0.1;referrer:http://bmadmin.fancat.cn/admin/shop/shoplist.html?v=4.0 StackTrace:   在 System.Number.StringToNumber(String str, NumberStyles options, NumberBuffer& number, NumberFormatInfo info, Boolean parseDecimal)
   在 System.Number.ParseInt32(String s, NumberStyles style, NumberFormatInfo info)
   在 System.Convert.ToInt32(String value)
   在 BAMENG.ADMIN.handler.HQ.DoRequest(HttpContext context) 位置 J:\HOT\CODE\BAMENG\BAMENG.ADMIN\handler\HQ.ashx.cs:行号 116
   在 BAMENG.ADMIN.handler.HQ.ProcessRequest(HttpContext context) 位置 J:\HOT\CODE\BAMENG\BAMENG.ADMIN\handler\HQ.ashx.cs:行号 86 Message:输入字符串的格式不正确。
2016/10/26 16:31:27,257 ERROR http://bmadmin.fancat.cn/handler/HQ.ashx header:Connection=keep-alive&Content-Length=41&Content-Type=application%2fx-www-form-urlencoded%3b+charset%3dUTF-8&Accept=application%2fjson%2c+text%2fjavascript%2c+*%2f*%3b+q%3d0.01&Accept-Encoding=gzip%2c+deflate&Accept-Language=zh-CN%2czh%3bq%3d0.8&Host=bmadmin.fancat.cn&Referer=http%3a%2f%2fbmadmin.fancat.cn%2fadmin%2fshop%2fshoplist.html%3fv%3d4.0&User-Agent=Mozilla%2f5.0+(Windows+NT+6.1%3b+WOW64)+AppleWebKit%2f537.36+(KHTML%2c+like+Gecko)+Chrome%2f50.0.2661.102+Safari%2f537.36&Origin=http%3a%2f%2fbmadmin.fancat.cn&X-Requested-With=XMLHttpRequest Form:action=getshoplist&pageIndex=&pageSize=20 UserAgent:Mozilla/5.0 (Windows NT 6.1; WOW64) AppleWebKit/537.36 (KHTML, like Gecko) Chrome/50.0.2661.102 Safari/537.36 IP:127.0.0.1;referrer:http://bmadmin.fancat.cn/admin/shop/shoplist.html?v=4.0 StackTrace:   在 System.Data.SqlClient.SqlConnection.PermissionDemand()
   在 System.Data.SqlClient.SqlConnectionFactory.PermissionDemand(DbConnection outerConnection)
   在 System.Data.ProviderBase.DbConnectionInternal.TryOpenConnectionInternal(DbConnection outerConnection, DbConnectionFactory connectionFactory, TaskCompletionSource`1 retry, DbConnectionOptions userOptions)
   在 System.Data.SqlClient.SqlConnection.TryOpenInner(TaskCompletionSource`1 retry)
   在 System.Data.SqlClient.SqlConnection.TryOpen(TaskCompletionSource`1 retry)
   在 System.Data.SqlClient.SqlConnection.Open()
   在 HotCoreUtils.DB.DbHelperSQLP.PrepareCommand(SqlCommand cmd, SqlConnection conn, SqlTransaction trans, CommandType cmdType, String cmdText, SqlParameter[] cmdParms)
   在 HotCoreUtils.DB.DbHelperSQLP.ExecuteScalar(String connectionString, CommandType cmdType, String cmdText, SqlParameter[] commandParameters)
   在 BAMENG.DAL.AbstractDAL.getPageData[T](Int32 PageSize, Int32 PageIndex, String strSql, String orderbyField, SqlParameter[] commandParameters) 位置 J:\HOT\CODE\BAMENG\BAMENG.DAL\AbstractDAL.cs:行号 131
   在 BAMENG.DAL.ShopDAL.GetShopList(Int32 ShopType, Int32 ShopBelongId, SearchModel model) 位置 J:\HOT\CODE\BAMENG\BAMENG.DAL\ShopDAL.cs:行号 66
   在 BAMENG.LOGIC.ShopLogic.GetShopList(Int32 ShopType, Int32 ShopBelongId, SearchModel model) 位置 J:\HOT\CODE\BAMENG\BAMENG.LOGIC\ShopLogic.cs:行号 32
   在 BAMENG.ADMIN.handler.HQ.DoRequest(HttpContext context) 位置 J:\HOT\CODE\BAMENG\BAMENG.ADMIN\handler\HQ.ashx.cs:行号 123
   在 BAMENG.ADMIN.handler.HQ.ProcessRequest(HttpContext context) 位置 J:\HOT\CODE\BAMENG\BAMENG.ADMIN\handler\HQ.ashx.cs:行号 86 Message:ConnectionString 属性尚未初始化。
2016/10/26 17:03:24,371 ERROR http://bmadmin.fancat.cn/handler/HQ.ashx header:Connection=keep-alive&Content-Length=41&Content-Type=application%2fx-www-form-urlencoded%3b+charset%3dUTF-8&Accept=application%2fjson%2c+text%2fjavascript%2c+*%2f*%3b+q%3d0.01&Accept-Encoding=gzip%2c+deflate&Accept-Language=zh-CN%2czh%3bq%3d0.8&Host=bmadmin.fancat.cn&Referer=http%3a%2f%2fbmadmin.fancat.cn%2fadmin%2fshop%2fshoplist.html%3fv%3d4.0&User-Agent=Mozilla%2f5.0+(Windows+NT+6.1%3b+WOW64)+AppleWebKit%2f537.36+(KHTML%2c+like+Gecko)+Chrome%2f50.0.2661.102+Safari%2f537.36&Origin=http%3a%2f%2fbmadmin.fancat.cn&X-Requested-With=XMLHttpRequest Form:action=getshoplist&pageIndex=&pageSize=20 UserAgent:Mozilla/5.0 (Windows NT 6.1; WOW64) AppleWebKit/537.36 (KHTML, like Gecko) Chrome/50.0.2661.102 Safari/537.36 IP:127.0.0.1;referrer:http://bmadmin.fancat.cn/admin/shop/shoplist.html?v=4.0 StackTrace:   在 System.RuntimeType.TryChangeType(Object value, Binder binder, CultureInfo culture, Boolean needsSpecialCast)
   在 System.RuntimeType.CheckValue(Object value, Binder binder, CultureInfo culture, BindingFlags invokeAttr)
   在 System.Reflection.MethodBase.CheckArguments(Object[] parameters, Binder binder, BindingFlags invokeAttr, CultureInfo culture, Signature sig)
   在 System.Reflection.RuntimeMethodInfo.InvokeArgumentsCheck(Object obj, BindingFlags invokeAttr, Binder binder, Object[] parameters, CultureInfo culture)
   在 System.Reflection.RuntimeMethodInfo.Invoke(Object obj, BindingFlags invokeAttr, Binder binder, Object[] parameters, CultureInfo culture)
   在 System.Reflection.RuntimePropertyInfo.SetValue(Object obj, Object value, Object[] index)
   在 HotCoreUtils.DB.DbHelperSQLP.GetEntityList[T](IDataReader dr)
   在 BAMENG.DAL.AbstractDAL.getPageData[T](Int32 PageSize, Int32 PageIndex, String strSql, String orderbyField, SqlParameter[] commandParameters) 位置 J:\HOT\CODE\BAMENG\BAMENG.DAL\AbstractDAL.cs:行号 135
   在 BAMENG.DAL.ShopDAL.GetShopList(Int32 ShopType, Int32 ShopBelongId, SearchModel model) 位置 J:\HOT\CODE\BAMENG\BAMENG.DAL\ShopDAL.cs:行号 66
   在 BAMENG.LOGIC.ShopLogic.GetShopList(Int32 ShopType, Int32 ShopBelongId, SearchModel model) 位置 J:\HOT\CODE\BAMENG\BAMENG.LOGIC\ShopLogic.cs:行号 32
   在 BAMENG.ADMIN.handler.HQ.DoRequest(HttpContext context) 位置 J:\HOT\CODE\BAMENG\BAMENG.ADMIN\handler\HQ.ashx.cs:行号 69
   在 BAMENG.ADMIN.handler.HQ.ProcessRequest(HttpContext context) 位置 J:\HOT\CODE\BAMENG\BAMENG.ADMIN\handler\HQ.ashx.cs:行号 32 Message:类型“System.String”的对象无法转换为类型“System.Int32”。
2016/10/26 17:03:38,75 ERROR http://bmadmin.fancat.cn/handler/HQ.ashx header:Connection=keep-alive&Content-Length=41&Content-Type=application%2fx-www-form-urlencoded%3b+charset%3dUTF-8&Accept=application%2fjson%2c+text%2fjavascript%2c+*%2f*%3b+q%3d0.01&Accept-Encoding=gzip%2c+deflate&Accept-Language=zh-CN%2czh%3bq%3d0.8&Host=bmadmin.fancat.cn&Referer=http%3a%2f%2fbmadmin.fancat.cn%2fadmin%2fshop%2fshoplist.html%3fv%3d4.0&User-Agent=Mozilla%2f5.0+(Windows+NT+6.1%3b+WOW64)+AppleWebKit%2f537.36+(KHTML%2c+like+Gecko)+Chrome%2f50.0.2661.102+Safari%2f537.36&Origin=http%3a%2f%2fbmadmin.fancat.cn&X-Requested-With=XMLHttpRequest Form:action=getshoplist&pageIndex=&pageSize=20 UserAgent:Mozilla/5.0 (Windows NT 6.1; WOW64) AppleWebKit/537.36 (KHTML, like Gecko) Chrome/50.0.2661.102 Safari/537.36 IP:127.0.0.1;referrer:http://bmadmin.fancat.cn/admin/shop/shoplist.html?v=4.0 StackTrace:   在 System.RuntimeType.TryChangeType(Object value, Binder binder, CultureInfo culture, Boolean needsSpecialCast)
   在 System.RuntimeType.CheckValue(Object value, Binder binder, CultureInfo culture, BindingFlags invokeAttr)
   在 System.Reflection.MethodBase.CheckArguments(Object[] parameters, Binder binder, BindingFlags invokeAttr, CultureInfo culture, Signature sig)
   在 System.Reflection.RuntimeMethodInfo.InvokeArgumentsCheck(Object obj, BindingFlags invokeAttr, Binder binder, Object[] parameters, CultureInfo culture)
   在 System.Reflection.RuntimeMethodInfo.Invoke(Object obj, BindingFlags invokeAttr, Binder binder, Object[] parameters, CultureInfo culture)
   在 System.Reflection.RuntimePropertyInfo.SetValue(Object obj, Object value, Object[] index)
   在 HotCoreUtils.DB.DbHelperSQLP.GetEntityList[T](IDataReader dr)
   在 BAMENG.DAL.AbstractDAL.getPageData[T](Int32 PageSize, Int32 PageIndex, String strSql, String orderbyField, SqlParameter[] commandParameters) 位置 J:\HOT\CODE\BAMENG\BAMENG.DAL\AbstractDAL.cs:行号 135
   在 BAMENG.DAL.ShopDAL.GetShopList(Int32 ShopType, Int32 ShopBelongId, SearchModel model) 位置 J:\HOT\CODE\BAMENG\BAMENG.DAL\ShopDAL.cs:行号 66
   在 BAMENG.LOGIC.ShopLogic.GetShopList(Int32 ShopType, Int32 ShopBelongId, SearchModel model) 位置 J:\HOT\CODE\BAMENG\BAMENG.LOGIC\ShopLogic.cs:行号 32
   在 BAMENG.ADMIN.handler.HQ.DoRequest(HttpContext context) 位置 J:\HOT\CODE\BAMENG\BAMENG.ADMIN\handler\HQ.ashx.cs:行号 69
   在 BAMENG.ADMIN.handler.HQ.ProcessRequest(HttpContext context) 位置 J:\HOT\CODE\BAMENG\BAMENG.ADMIN\handler\HQ.ashx.cs:行号 32 Message:类型“System.String”的对象无法转换为类型“System.Int32”。
2016/10/26 17:06:57,59 ERROR http://bmadmin.fancat.cn/handler/HQ.ashx header:Connection=keep-alive&Content-Length=41&Content-Type=application%2fx-www-form-urlencoded%3b+charset%3dUTF-8&Accept=application%2fjson%2c+text%2fjavascript%2c+*%2f*%3b+q%3d0.01&Accept-Encoding=gzip%2c+deflate&Accept-Language=zh-CN%2czh%3bq%3d0.8&Host=bmadmin.fancat.cn&Referer=http%3a%2f%2fbmadmin.fancat.cn%2fadmin%2fshop%2fshoplist.html%3fv%3d4.0&User-Agent=Mozilla%2f5.0+(Windows+NT+6.1%3b+WOW64)+AppleWebKit%2f537.36+(KHTML%2c+like+Gecko)+Chrome%2f50.0.2661.102+Safari%2f537.36&Origin=http%3a%2f%2fbmadmin.fancat.cn&X-Requested-With=XMLHttpRequest Form:action=getshoplist&pageIndex=&pageSize=20 UserAgent:Mozilla/5.0 (Windows NT 6.1; WOW64) AppleWebKit/537.36 (KHTML, like Gecko) Chrome/50.0.2661.102 Safari/537.36 IP:127.0.0.1;referrer:http://bmadmin.fancat.cn/admin/shop/shoplist.html?v=4.0 StackTrace:   在 System.RuntimeType.TryChangeType(Object value, Binder binder, CultureInfo culture, Boolean needsSpecialCast)
   在 System.RuntimeType.CheckValue(Object value, Binder binder, CultureInfo culture, BindingFlags invokeAttr)
   在 System.Reflection.MethodBase.CheckArguments(Object[] parameters, Binder binder, BindingFlags invokeAttr, CultureInfo culture, Signature sig)
   在 System.Reflection.RuntimeMethodInfo.InvokeArgumentsCheck(Object obj, BindingFlags invokeAttr, Binder binder, Object[] parameters, CultureInfo culture)
   在 System.Reflection.RuntimeMethodInfo.Invoke(Object obj, BindingFlags invokeAttr, Binder binder, Object[] parameters, CultureInfo culture)
   在 System.Reflection.RuntimePropertyInfo.SetValue(Object obj, Object value, Object[] index)
   在 HotCoreUtils.DB.DbHelperSQLP.GetEntityList[T](IDataReader dr)
   在 BAMENG.DAL.AbstractDAL.getPageData[T](Int32 PageSize, Int32 PageIndex, String strSql, String orderbyField, SqlParameter[] commandParameters) 位置 J:\HOT\CODE\BAMENG\BAMENG.DAL\AbstractDAL.cs:行号 135
   在 BAMENG.DAL.ShopDAL.GetShopList(Int32 ShopType, Int32 ShopBelongId, SearchModel model) 位置 J:\HOT\CODE\BAMENG\BAMENG.DAL\ShopDAL.cs:行号 66
   在 BAMENG.LOGIC.ShopLogic.GetShopList(Int32 ShopType, Int32 ShopBelongId, SearchModel model) 位置 J:\HOT\CODE\BAMENG\BAMENG.LOGIC\ShopLogic.cs:行号 32
   在 BAMENG.ADMIN.handler.HQ.DoRequest(HttpContext context) 位置 J:\HOT\CODE\BAMENG\BAMENG.ADMIN\handler\HQ.ashx.cs:行号 69
   在 BAMENG.ADMIN.handler.HQ.ProcessRequest(HttpContext context) 位置 J:\HOT\CODE\BAMENG\BAMENG.ADMIN\handler\HQ.ashx.cs:行号 32 Message:类型“System.String”的对象无法转换为类型“System.Int32”。
2016/10/26 17:07:03,626 ERROR http://bmadmin.fancat.cn/handler/HQ.ashx header:Connection=keep-alive&Content-Length=41&Content-Type=application%2fx-www-form-urlencoded%3b+charset%3dUTF-8&Accept=application%2fjson%2c+text%2fjavascript%2c+*%2f*%3b+q%3d0.01&Accept-Encoding=gzip%2c+deflate&Accept-Language=zh-CN%2czh%3bq%3d0.8&Host=bmadmin.fancat.cn&Referer=http%3a%2f%2fbmadmin.fancat.cn%2fadmin%2fshop%2fshoplist.html%3fv%3d4.0&User-Agent=Mozilla%2f5.0+(Windows+NT+6.1%3b+WOW64)+AppleWebKit%2f537.36+(KHTML%2c+like+Gecko)+Chrome%2f50.0.2661.102+Safari%2f537.36&Origin=http%3a%2f%2fbmadmin.fancat.cn&X-Requested-With=XMLHttpRequest Form:action=getshoplist&pageIndex=&pageSize=20 UserAgent:Mozilla/5.0 (Windows NT 6.1; WOW64) AppleWebKit/537.36 (KHTML, like Gecko) Chrome/50.0.2661.102 Safari/537.36 IP:127.0.0.1;referrer:http://bmadmin.fancat.cn/admin/shop/shoplist.html?v=4.0 StackTrace:   在 System.RuntimeType.TryChangeType(Object value, Binder binder, CultureInfo culture, Boolean needsSpecialCast)
   在 System.RuntimeType.CheckValue(Object value, Binder binder, CultureInfo culture, BindingFlags invokeAttr)
   在 System.Reflection.MethodBase.CheckArguments(Object[] parameters, Binder binder, BindingFlags invokeAttr, CultureInfo culture, Signature sig)
   在 System.Reflection.RuntimeMethodInfo.InvokeArgumentsCheck(Object obj, BindingFlags invokeAttr, Binder binder, Object[] parameters, CultureInfo culture)
   在 System.Reflection.RuntimeMethodInfo.Invoke(Object obj, BindingFlags invokeAttr, Binder binder, Object[] parameters, CultureInfo culture)
   在 System.Reflection.RuntimePropertyInfo.SetValue(Object obj, Object value, Object[] index)
   在 HotCoreUtils.DB.DbHelperSQLP.GetEntityList[T](IDataReader dr)
   在 BAMENG.DAL.AbstractDAL.getPageData[T](Int32 PageSize, Int32 PageIndex, String strSql, String orderbyField, SqlParameter[] commandParameters) 位置 J:\HOT\CODE\BAMENG\BAMENG.DAL\AbstractDAL.cs:行号 135
   在 BAMENG.DAL.ShopDAL.GetShopList(Int32 ShopType, Int32 ShopBelongId, SearchModel model) 位置 J:\HOT\CODE\BAMENG\BAMENG.DAL\ShopDAL.cs:行号 66
   在 BAMENG.LOGIC.ShopLogic.GetShopList(Int32 ShopType, Int32 ShopBelongId, SearchModel model) 位置 J:\HOT\CODE\BAMENG\BAMENG.LOGIC\ShopLogic.cs:行号 32
   在 BAMENG.ADMIN.handler.HQ.DoRequest(HttpContext context) 位置 J:\HOT\CODE\BAMENG\BAMENG.ADMIN\handler\HQ.ashx.cs:行号 69
   在 BAMENG.ADMIN.handler.HQ.ProcessRequest(HttpContext context) 位置 J:\HOT\CODE\BAMENG\BAMENG.ADMIN\handler\HQ.ashx.cs:行号 32 Message:类型“System.String”的对象无法转换为类型“System.Int32”。
2016/10/26 17:22:07,107 ERROR http://bmadmin.fancat.cn/handler/HQ.ashx header:Connection=keep-alive&Content-Length=41&Content-Type=application%2fx-www-form-urlencoded%3b+charset%3dUTF-8&Accept=application%2fjson%2c+text%2fjavascript%2c+*%2f*%3b+q%3d0.01&Accept-Encoding=gzip%2c+deflate&Accept-Language=zh-CN%2czh%3bq%3d0.8&Host=bmadmin.fancat.cn&Referer=http%3a%2f%2fbmadmin.fancat.cn%2fadmin%2fshop%2fshoplist.html%3fv%3d4.0&User-Agent=Mozilla%2f5.0+(Windows+NT+6.1%3b+WOW64)+AppleWebKit%2f537.36+(KHTML%2c+like+Gecko)+Chrome%2f50.0.2661.102+Safari%2f537.36&Origin=http%3a%2f%2fbmadmin.fancat.cn&X-Requested-With=XMLHttpRequest Form:action=getshoplist&pageIndex=&pageSize=20 UserAgent:Mozilla/5.0 (Windows NT 6.1; WOW64) AppleWebKit/537.36 (KHTML, like Gecko) Chrome/50.0.2661.102 Safari/537.36 IP:127.0.0.1;referrer:http://bmadmin.fancat.cn/admin/shop/shoplist.html?v=4.0 StackTrace:   在 System.RuntimeType.TryChangeType(Object value, Binder binder, CultureInfo culture, Boolean needsSpecialCast)
   在 System.RuntimeType.CheckValue(Object value, Binder binder, CultureInfo culture, BindingFlags invokeAttr)
   在 System.Reflection.MethodBase.CheckArguments(Object[] parameters, Binder binder, BindingFlags invokeAttr, CultureInfo culture, Signature sig)
   在 System.Reflection.RuntimeMethodInfo.InvokeArgumentsCheck(Object obj, BindingFlags invokeAttr, Binder binder, Object[] parameters, CultureInfo culture)
   在 System.Reflection.RuntimeMethodInfo.Invoke(Object obj, BindingFlags invokeAttr, Binder binder, Object[] parameters, CultureInfo culture)
   在 System.Reflection.RuntimePropertyInfo.SetValue(Object obj, Object value, Object[] index)
   在 HotCoreUtils.DB.DbHelperSQLP.GetEntityList[T](IDataReader dr)
   在 BAMENG.DAL.AbstractDAL.getPageData[T](Int32 PageSize, Int32 PageIndex, String strSql, String orderbyField, SqlParameter[] commandParameters) 位置 J:\HOT\CODE\bameng\BAMENG.DAL\AbstractDAL.cs:行号 135
   在 BAMENG.DAL.ShopDAL.GetShopList(Int32 ShopType, Int32 ShopBelongId, SearchModel model) 位置 J:\HOT\CODE\bameng\BAMENG.DAL\ShopDAL.cs:行号 66
   在 BAMENG.LOGIC.ShopLogic.GetShopList(Int32 ShopType, Int32 ShopBelongId, SearchModel model) 位置 J:\HOT\CODE\bameng\BAMENG.LOGIC\ShopLogic.cs:行号 32
   在 BAMENG.ADMIN.handler.HQ.DoRequest(HttpContext context) 位置 J:\HOT\CODE\bameng\BAMENG.ADMIN\handler\HQ.ashx.cs:行号 69
   在 BAMENG.ADMIN.handler.HQ.ProcessRequest(HttpContext context) 位置 J:\HOT\CODE\bameng\BAMENG.ADMIN\handler\HQ.ashx.cs:行号 32 Message:类型“System.String”的对象无法转换为类型“System.Int32”。
