2016/10/27 11:08:32,368 ERROR action:updateShop StackTrace:   在 System.Data.SqlClient.SqlConnection.OnError(SqlException exception, Boolean breakConnection, Action`1 wrapCloseInAction)
   在 System.Data.SqlClient.TdsParser.ThrowExceptionAndWarning(TdsParserStateObject stateObj, Boolean callerHasConnectionLock, Boolean asyncClose)
   在 System.Data.SqlClient.TdsParser.TryRun(RunBehavior runBehavior, SqlCommand cmdHandler, SqlDataReader dataStream, BulkCopySimpleResultSet bulkCopyHandler, TdsParserStateObject stateObj, Boolean& dataReady)
   在 System.Data.SqlClient.SqlCommand.FinishExecuteReader(SqlDataReader ds, RunBehavior runBehavior, String resetOptionsString)
   在 System.Data.SqlClient.SqlCommand.RunExecuteReaderTds(CommandBehavior cmdBehavior, RunBehavior runBehavior, Boolean returnStream, Boolean async, Int32 timeout, Task& task, Boolean asyncWrite, SqlDataReader ds, Boolean describeParameterEncryptionRequest)
   在 System.Data.SqlClient.SqlCommand.RunExecuteReader(CommandBehavior cmdBehavior, RunBehavior runBehavior, Boolean returnStream, String method, TaskCompletionSource`1 completion, Int32 timeout, Task& task, Boolean asyncWrite)
   在 System.Data.SqlClient.SqlCommand.InternalExecuteNonQuery(TaskCompletionSource`1 completion, String methodName, Boolean sendToPipe, Int32 timeout, Boolean asyncWrite)
   在 System.Data.SqlClient.SqlCommand.ExecuteNonQuery()
   在 HotCoreUtils.DB.DbHelperSQLP.ExecuteNonQuery(String connectionString, CommandType cmdType, String cmdText, SqlParameter[] commandParameters)
   在 BAMENG.DAL.ShopDAL.UpdateShopInfo(ShopModel model) 位置 J:\HOT\CODE\bameng\BAMENG.DAL\ShopDAL.cs:行号 140
   在 BAMENG.LOGIC.ShopLogic.EditShopInfo(ShopModel model) 位置 J:\HOT\CODE\bameng\BAMENG.LOGIC\ShopLogic.cs:行号 47
   在 BAMENG.ADMIN.handler.HQ.DoRequest(HttpContext context) 位置 J:\HOT\CODE\bameng\BAMENG.ADMIN\handler\HQ.ashx.cs:行号 91 Message:变量名 '@IsActive' 已声明。变量名在查询批次或存储过程内部必须唯一。
必须声明标量变量 "@ShopID"。
2016/10/27 16:38:49,948 ERROR action:GetUserList StackTrace:   在 System.RuntimeType.TryChangeType(Object value, Binder binder, CultureInfo culture, Boolean needsSpecialCast)
   在 System.RuntimeType.CheckValue(Object value, Binder binder, CultureInfo culture, BindingFlags invokeAttr)
   在 System.Reflection.MethodBase.CheckArguments(Object[] parameters, Binder binder, BindingFlags invokeAttr, CultureInfo culture, Signature sig)
   在 System.Reflection.RuntimeMethodInfo.InvokeArgumentsCheck(Object obj, BindingFlags invokeAttr, Binder binder, Object[] parameters, CultureInfo culture)
   在 System.Reflection.RuntimeMethodInfo.Invoke(Object obj, BindingFlags invokeAttr, Binder binder, Object[] parameters, CultureInfo culture)
   在 System.Reflection.RuntimePropertyInfo.SetValue(Object obj, Object value, Object[] index)
   在 HotCoreUtils.DB.DbHelperSQLP.GetEntityList[T](IDataReader dr)
   在 BAMENG.DAL.AbstractDAL.getPageData[T](Int32 PageSize, Int32 PageIndex, String strSql, String orderbyField, SqlParameter[] commandParameters) 位置 J:\HOT\CODE\BAMENG\BAMENG.DAL\AbstractDAL.cs:行号 137
   在 BAMENG.DAL.UserDAL.GetUserList(Int32 ShopId, Int32 UserIdentity, SearchModel model) 位置 J:\HOT\CODE\BAMENG\BAMENG.DAL\UserDAL.cs:行号 129
   在 BAMENG.LOGIC.UserLogic.GetUserList(Int32 ShopId, Int32 UserIdentity, SearchModel model) 位置 J:\HOT\CODE\BAMENG\BAMENG.LOGIC\UserLogic.cs:行号 32
   在 BAMENG.ADMIN.handler.HQ.GetUserList() 位置 J:\HOT\CODE\BAMENG\BAMENG.ADMIN\handler\HQ.ashx.cs:行号 189
   在 BAMENG.ADMIN.handler.HQ.DoRequest(HttpContext context) 位置 J:\HOT\CODE\BAMENG\BAMENG.ADMIN\handler\HQ.ashx.cs:行号 83 Message:类型“System.Decimal”的对象无法转换为类型“System.Int32”。
2016/10/27 20:36:30,627 ERROR action:GetUserList StackTrace:   在 System.Data.SqlClient.SqlConnection.OnError(SqlException exception, Boolean breakConnection, Action`1 wrapCloseInAction)
   在 System.Data.SqlClient.TdsParser.ThrowExceptionAndWarning(TdsParserStateObject stateObj, Boolean callerHasConnectionLock, Boolean asyncClose)
   在 System.Data.SqlClient.TdsParser.TryRun(RunBehavior runBehavior, SqlCommand cmdHandler, SqlDataReader dataStream, BulkCopySimpleResultSet bulkCopyHandler, TdsParserStateObject stateObj, Boolean& dataReady)
   在 System.Data.SqlClient.SqlDataReader.TryConsumeMetaData()
   在 System.Data.SqlClient.SqlDataReader.get_MetaData()
   在 System.Data.SqlClient.SqlCommand.FinishExecuteReader(SqlDataReader ds, RunBehavior runBehavior, String resetOptionsString)
   在 System.Data.SqlClient.SqlCommand.RunExecuteReaderTds(CommandBehavior cmdBehavior, RunBehavior runBehavior, Boolean returnStream, Boolean async, Int32 timeout, Task& task, Boolean asyncWrite, SqlDataReader ds, Boolean describeParameterEncryptionRequest)
   在 System.Data.SqlClient.SqlCommand.RunExecuteReader(CommandBehavior cmdBehavior, RunBehavior runBehavior, Boolean returnStream, String method, TaskCompletionSource`1 completion, Int32 timeout, Task& task, Boolean asyncWrite)
   在 System.Data.SqlClient.SqlCommand.RunExecuteReader(CommandBehavior cmdBehavior, RunBehavior runBehavior, Boolean returnStream, String method)
   在 System.Data.SqlClient.SqlCommand.ExecuteReader(CommandBehavior behavior, String method)
   在 System.Data.SqlClient.SqlCommand.ExecuteReader(CommandBehavior behavior)
   在 HotCoreUtils.DB.DbHelperSQLP.ExecuteReader(String connectionString, CommandType cmdType, String cmdText, SqlParameter[] commandParameters)
   在 BAMENG.DAL.AbstractDAL.getPageData[T](Int32 PageSize, Int32 PageIndex, String strSql, String orderbyField, SqlParameter[] commandParameters, Action`1 callback) 位置 J:\HOT\CODE\BAMENG\BAMENG.DAL\AbstractDAL.cs:行号 98
   在 BAMENG.DAL.UserDAL.GetUserList(Int32 ShopId, Int32 UserIdentity, SearchModel model) 位置 J:\HOT\CODE\BAMENG\BAMENG.DAL\UserDAL.cs:行号 131
   在 BAMENG.LOGIC.UserLogic.GetUserList(Int32 ShopId, Int32 UserIdentity, SearchModel model) 位置 J:\HOT\CODE\BAMENG\BAMENG.LOGIC\UserLogic.cs:行号 32
   在 BAMENG.ADMIN.handler.HQ.GetUserList() 位置 J:\HOT\CODE\BAMENG\BAMENG.ADMIN\handler\HQ.ashx.cs:行号 215
   在 BAMENG.ADMIN.handler.HQ.DoRequest(HttpContext context) 位置 J:\HOT\CODE\BAMENG\BAMENG.ADMIN\handler\HQ.ashx.cs:行号 92 Message:无法绑定由多个部分组成的标识符 "su.CreateTime"。
2016/10/27 20:36:38,148 ERROR action:GetUserList StackTrace:   在 System.Data.SqlClient.SqlConnection.OnError(SqlException exception, Boolean breakConnection, Action`1 wrapCloseInAction)
   在 System.Data.SqlClient.TdsParser.ThrowExceptionAndWarning(TdsParserStateObject stateObj, Boolean callerHasConnectionLock, Boolean asyncClose)
   在 System.Data.SqlClient.TdsParser.TryRun(RunBehavior runBehavior, SqlCommand cmdHandler, SqlDataReader dataStream, BulkCopySimpleResultSet bulkCopyHandler, TdsParserStateObject stateObj, Boolean& dataReady)
   在 System.Data.SqlClient.SqlDataReader.TryConsumeMetaData()
   在 System.Data.SqlClient.SqlDataReader.get_MetaData()
   在 System.Data.SqlClient.SqlCommand.FinishExecuteReader(SqlDataReader ds, RunBehavior runBehavior, String resetOptionsString)
   在 System.Data.SqlClient.SqlCommand.RunExecuteReaderTds(CommandBehavior cmdBehavior, RunBehavior runBehavior, Boolean returnStream, Boolean async, Int32 timeout, Task& task, Boolean asyncWrite, SqlDataReader ds, Boolean describeParameterEncryptionRequest)
   在 System.Data.SqlClient.SqlCommand.RunExecuteReader(CommandBehavior cmdBehavior, RunBehavior runBehavior, Boolean returnStream, String method, TaskCompletionSource`1 completion, Int32 timeout, Task& task, Boolean asyncWrite)
   在 System.Data.SqlClient.SqlCommand.RunExecuteReader(CommandBehavior cmdBehavior, RunBehavior runBehavior, Boolean returnStream, String method)
   在 System.Data.SqlClient.SqlCommand.ExecuteReader(CommandBehavior behavior, String method)
   在 System.Data.SqlClient.SqlCommand.ExecuteReader(CommandBehavior behavior)
   在 HotCoreUtils.DB.DbHelperSQLP.ExecuteReader(String connectionString, CommandType cmdType, String cmdText, SqlParameter[] commandParameters)
   在 BAMENG.DAL.AbstractDAL.getPageData[T](Int32 PageSize, Int32 PageIndex, String strSql, String orderbyField, SqlParameter[] commandParameters, Action`1 callback) 位置 J:\HOT\CODE\BAMENG\BAMENG.DAL\AbstractDAL.cs:行号 98
   在 BAMENG.DAL.UserDAL.GetUserList(Int32 ShopId, Int32 UserIdentity, SearchModel model) 位置 J:\HOT\CODE\BAMENG\BAMENG.DAL\UserDAL.cs:行号 131
   在 BAMENG.LOGIC.UserLogic.GetUserList(Int32 ShopId, Int32 UserIdentity, SearchModel model) 位置 J:\HOT\CODE\BAMENG\BAMENG.LOGIC\UserLogic.cs:行号 32
   在 BAMENG.ADMIN.handler.HQ.GetUserList() 位置 J:\HOT\CODE\BAMENG\BAMENG.ADMIN\handler\HQ.ashx.cs:行号 215
   在 BAMENG.ADMIN.handler.HQ.DoRequest(HttpContext context) 位置 J:\HOT\CODE\BAMENG\BAMENG.ADMIN\handler\HQ.ashx.cs:行号 92 Message:无法绑定由多个部分组成的标识符 "su.CreateTime"。
2016/10/27 20:37:07,949 ERROR action:GetUserList StackTrace:   在 System.Data.SqlClient.SqlConnection.OnError(SqlException exception, Boolean breakConnection, Action`1 wrapCloseInAction)
   在 System.Data.SqlClient.TdsParser.ThrowExceptionAndWarning(TdsParserStateObject stateObj, Boolean callerHasConnectionLock, Boolean asyncClose)
   在 System.Data.SqlClient.TdsParser.TryRun(RunBehavior runBehavior, SqlCommand cmdHandler, SqlDataReader dataStream, BulkCopySimpleResultSet bulkCopyHandler, TdsParserStateObject stateObj, Boolean& dataReady)
   在 System.Data.SqlClient.SqlDataReader.TryConsumeMetaData()
   在 System.Data.SqlClient.SqlDataReader.get_MetaData()
   在 System.Data.SqlClient.SqlCommand.FinishExecuteReader(SqlDataReader ds, RunBehavior runBehavior, String resetOptionsString)
   在 System.Data.SqlClient.SqlCommand.RunExecuteReaderTds(CommandBehavior cmdBehavior, RunBehavior runBehavior, Boolean returnStream, Boolean async, Int32 timeout, Task& task, Boolean asyncWrite, SqlDataReader ds, Boolean describeParameterEncryptionRequest)
   在 System.Data.SqlClient.SqlCommand.RunExecuteReader(CommandBehavior cmdBehavior, RunBehavior runBehavior, Boolean returnStream, String method, TaskCompletionSource`1 completion, Int32 timeout, Task& task, Boolean asyncWrite)
   在 System.Data.SqlClient.SqlCommand.RunExecuteReader(CommandBehavior cmdBehavior, RunBehavior runBehavior, Boolean returnStream, String method)
   在 System.Data.SqlClient.SqlCommand.ExecuteReader(CommandBehavior behavior, String method)
   在 System.Data.SqlClient.SqlCommand.ExecuteReader(CommandBehavior behavior)
   在 HotCoreUtils.DB.DbHelperSQLP.ExecuteReader(String connectionString, CommandType cmdType, String cmdText, SqlParameter[] commandParameters)
   在 BAMENG.DAL.AbstractDAL.getPageData[T](Int32 PageSize, Int32 PageIndex, String strSql, String orderbyField, SqlParameter[] commandParameters, Action`1 callback) 位置 J:\HOT\CODE\BAMENG\BAMENG.DAL\AbstractDAL.cs:行号 98
   在 BAMENG.DAL.UserDAL.GetUserList(Int32 ShopId, Int32 UserIdentity, SearchModel model) 位置 J:\HOT\CODE\BAMENG\BAMENG.DAL\UserDAL.cs:行号 131
   在 BAMENG.LOGIC.UserLogic.GetUserList(Int32 ShopId, Int32 UserIdentity, SearchModel model) 位置 J:\HOT\CODE\BAMENG\BAMENG.LOGIC\UserLogic.cs:行号 32
   在 BAMENG.ADMIN.handler.HQ.GetUserList() 位置 J:\HOT\CODE\BAMENG\BAMENG.ADMIN\handler\HQ.ashx.cs:行号 215
   在 BAMENG.ADMIN.handler.HQ.DoRequest(HttpContext context) 位置 J:\HOT\CODE\BAMENG\BAMENG.ADMIN\handler\HQ.ashx.cs:行号 92 Message:无法绑定由多个部分组成的标识符 "su.CreateTime"。
2016/10/27 20:38:47,591 ERROR action:GetUserList StackTrace:   在 System.Data.SqlClient.SqlConnection.OnError(SqlException exception, Boolean breakConnection, Action`1 wrapCloseInAction)
   在 System.Data.SqlClient.TdsParser.ThrowExceptionAndWarning(TdsParserStateObject stateObj, Boolean callerHasConnectionLock, Boolean asyncClose)
   在 System.Data.SqlClient.TdsParser.TryRun(RunBehavior runBehavior, SqlCommand cmdHandler, SqlDataReader dataStream, BulkCopySimpleResultSet bulkCopyHandler, TdsParserStateObject stateObj, Boolean& dataReady)
   在 System.Data.SqlClient.SqlDataReader.TryConsumeMetaData()
   在 System.Data.SqlClient.SqlDataReader.get_MetaData()
   在 System.Data.SqlClient.SqlCommand.FinishExecuteReader(SqlDataReader ds, RunBehavior runBehavior, String resetOptionsString)
   在 System.Data.SqlClient.SqlCommand.RunExecuteReaderTds(CommandBehavior cmdBehavior, RunBehavior runBehavior, Boolean returnStream, Boolean async, Int32 timeout, Task& task, Boolean asyncWrite, SqlDataReader ds, Boolean describeParameterEncryptionRequest)
   在 System.Data.SqlClient.SqlCommand.RunExecuteReader(CommandBehavior cmdBehavior, RunBehavior runBehavior, Boolean returnStream, String method, TaskCompletionSource`1 completion, Int32 timeout, Task& task, Boolean asyncWrite)
   在 System.Data.SqlClient.SqlCommand.RunExecuteReader(CommandBehavior cmdBehavior, RunBehavior runBehavior, Boolean returnStream, String method)
   在 System.Data.SqlClient.SqlCommand.ExecuteReader(CommandBehavior behavior, String method)
   在 System.Data.SqlClient.SqlCommand.ExecuteReader(CommandBehavior behavior)
   在 HotCoreUtils.DB.DbHelperSQLP.ExecuteReader(String connectionString, CommandType cmdType, String cmdText, SqlParameter[] commandParameters)
   在 BAMENG.DAL.AbstractDAL.getPageData[T](Int32 PageSize, Int32 PageIndex, String strSql, String orderbyField, SqlParameter[] commandParameters, Action`1 callback) 位置 J:\HOT\CODE\BAMENG\BAMENG.DAL\AbstractDAL.cs:行号 98
   在 BAMENG.DAL.UserDAL.GetUserList(Int32 ShopId, Int32 UserIdentity, SearchModel model) 位置 J:\HOT\CODE\BAMENG\BAMENG.DAL\UserDAL.cs:行号 131
   在 BAMENG.LOGIC.UserLogic.GetUserList(Int32 ShopId, Int32 UserIdentity, SearchModel model) 位置 J:\HOT\CODE\BAMENG\BAMENG.LOGIC\UserLogic.cs:行号 32
   在 BAMENG.ADMIN.handler.HQ.GetUserList() 位置 J:\HOT\CODE\BAMENG\BAMENG.ADMIN\handler\HQ.ashx.cs:行号 215
   在 BAMENG.ADMIN.handler.HQ.DoRequest(HttpContext context) 位置 J:\HOT\CODE\BAMENG\BAMENG.ADMIN\handler\HQ.ashx.cs:行号 92 Message:无法绑定由多个部分组成的标识符 "su.CreateTime"。
